#
# There is insufficient memory for the Java Runtime Environment to continue.
# Native memory allocation (mmap) failed to map 100663296 bytes. Error detail: G1 virtual space
# Possible reasons:
#   The system is out of physical RAM or swap space
#   This process is running with CompressedOops enabled, and the Java Heap may be blocking the growth of the native heap
# Possible solutions:
#   Reduce memory load on the system
#   Increase physical memory or swap space
#   Check if swap backing store is full
#   Decrease Java heap size (-Xmx/-Xms)
#   Decrease number of Java threads
#   Decrease Java thread stack sizes (-Xss)
#   Set larger code cache with -XX:ReservedCodeCacheSize=
#   JVM is running with Unscaled Compressed Oops mode in which the Java heap is
#     placed in the first 4GB address space. The Java Heap base address is the
#     maximum limit for the native heap growth. Please use -XX:HeapBaseMinAddress
#     to set the Java Heap base and to place the Java Heap above 4GB virtual address.
# This output file may be truncated or incomplete.
#
#  Out of Memory Error (os_windows.cpp:3825), pid=11992, tid=19532
#
# JRE version:  (17.0.11+1) (build )
# Java VM: OpenJDK 64-Bit Server VM (17.0.11+1-b1207.24, mixed mode, sharing, tiered, compressed oops, compressed class ptrs, g1 gc, windows-amd64)
# No core dump will be written. Minidumps are not enabled by default on client versions of Windows
#

---------------  S U M M A R Y ------------

Command Line: git4idea.http.GitAskPassApp Username for 'https://github.com': 

Host: AMD Athlon Gold 3150U with Radeon Graphics     , 4 cores, 5G,  Windows 11 , 64 bit Build 22621 (10.0.22621.3958)
Time: Tue Sep 10 00:20:47 2024  Windows 11 , 64 bit Build 22621 (10.0.22621.3958) elapsed time: 0.129139 seconds (0d 0h 0m 0s)

---------------  T H R E A D  ---------------

Current thread (0x0000013b4485d7d0):  JavaThread "Unknown thread" [_thread_in_vm, id=19532, stack(0x00000030b9000000,0x00000030b9100000)]

Stack: [0x00000030b9000000,0x00000030b9100000]
Native frames: (J=compiled Java code, j=interpreted, Vv=VM code, C=native code)
V  [jvm.dll+0x6877f9]
V  [jvm.dll+0x8411aa]
V  [jvm.dll+0x842e2e]
V  [jvm.dll+0x843493]
V  [jvm.dll+0x249fdf]
V  [jvm.dll+0x6845c9]
V  [jvm.dll+0x678e7a]
V  [jvm.dll+0x30ab4b]
V  [jvm.dll+0x311ff6]
V  [jvm.dll+0x361a5e]
V  [jvm.dll+0x361c8f]
V  [jvm.dll+0x2e0978]
V  [jvm.dll+0x2e18e4]
V  [jvm.dll+0x811c71]
V  [jvm.dll+0x36f7c8]
V  [jvm.dll+0x7f05f6]
V  [jvm.dll+0x3f398f]
V  [jvm.dll+0x3f5541]
C  [jli.dll+0x528f]
C  [ucrtbase.dll+0x29333]
C  [KERNEL32.DLL+0x1257d]
C  [ntdll.dll+0x5af28]


---------------  P R O C E S S  ---------------

Threads class SMR info:
_java_thread_list=0x00007ffbda39efd8, length=0, elements={
}

Java Threads: ( => current thread )

Other Threads:
  0x0000013b46988180 GCTaskThread "GC Thread#0" [stack: 0x00000030b9100000,0x00000030b9200000] [id=9652]
  0x0000013b46994e50 ConcurrentGCThread "G1 Main Marker" [stack: 0x00000030b9200000,0x00000030b9300000] [id=14128]
  0x0000013b46995870 ConcurrentGCThread "G1 Conc#0" [stack: 0x00000030b9300000,0x00000030b9400000] [id=19484]

[error occurred during error reporting (printing all threads), id 0xc0000005, EXCEPTION_ACCESS_VIOLATION (0xc0000005) at pc=0x00007ffbd9b51547]

VM state: not at safepoint (not fully initialized)

VM Mutex/Monitor currently owned by a thread:  ([mutex/lock_event])
[0x0000013b4693d910] Heap_lock - owner thread: 0x0000013b4485d7d0

Heap address: 0x00000000a1400000, size: 1516 MB, Compressed Oops mode: 32-bit

CDS archive(s) mapped at: [0x0000000000000000-0x0000000000000000-0x0000000000000000), size 0, SharedBaseAddress: 0x0000000800000000, ArchiveRelocationMode: 1.
Narrow klass base: 0x0000000000000000, Narrow klass shift: 0, Narrow klass range: 0x0

GC Precious Log:
<Empty>

Heap:
 garbage-first heap   total 0K, used 0K [0x00000000a1400000, 0x0000000100000000)
  region size 1024K, 0 young (0K), 0 survivors (0K)
 Metaspace       used 0K, committed 0K, reserved 0K
  class space    used 0K, committed 0K, reserved 0K

Heap Regions: E=young(eden), S=young(survivor), O=old, HS=humongous(starts), HC=humongous(continues), CS=collection set, F=free, OA=open archive, CA=closed archive, TAMS=top-at-mark-start (previous, next)

Card table byte_map: [0x0000013b593c0000,0x0000013b596c0000] _byte_map_base: 0x0000013b58eb6000

Marking Bits (Prev, Next): (CMBitMap*) 0x0000013b469887a0, (CMBitMap*) 0x0000013b469887e0
 Prev Bits: [0x0000013b599c0000, 0x0000013b5b170000)
 Next Bits: [0x0000013b5b170000, 0x0000013b5c920000)

GC Heap History (0 events):
No events

Dll operation events (1 events):
Event: 0.062 Loaded shared library C:\Users\Zen1ks\AppData\Local\JetBrains\PyCharm 2024.1.4\jbr\bin\java.dll

Deoptimization events (0 events):
No events

Classes unloaded (0 events):
No events

Classes redefined (0 events):
No events

Internal exceptions (0 events):
No events

VM Operations (0 events):
No events

Events (0 events):
No events


Dynamic libraries:
0x00007ff66edc0000 - 0x00007ff66edca000 	C:\Users\Zen1ks\AppData\Local\JetBrains\PyCharm 2024.1.4\jbr\bin\java.exe
0x00007ffc3e190000 - 0x00007ffc3e3a7000 	C:\WINDOWS\SYSTEM32\ntdll.dll
0x00007ffc3cd10000 - 0x00007ffc3cdd4000 	C:\WINDOWS\System32\KERNEL32.DLL
0x00007ffc3b9f0000 - 0x00007ffc3bd9d000 	C:\WINDOWS\System32\KERNELBASE.dll
0x00007ffc3bda0000 - 0x00007ffc3beb1000 	C:\WINDOWS\System32\ucrtbase.dll
0x00007ffbffb60000 - 0x00007ffbffb7b000 	C:\Users\Zen1ks\AppData\Local\JetBrains\PyCharm 2024.1.4\jbr\bin\VCRUNTIME140.dll
0x00007ffc16450000 - 0x00007ffc16467000 	C:\Users\Zen1ks\AppData\Local\JetBrains\PyCharm 2024.1.4\jbr\bin\jli.dll
0x00007ffc3c940000 - 0x00007ffc3caee000 	C:\WINDOWS\System32\USER32.dll
0x00007ffc3b710000 - 0x00007ffc3b736000 	C:\WINDOWS\System32\win32u.dll
0x00007ffc3de70000 - 0x00007ffc3de99000 	C:\WINDOWS\System32\GDI32.dll
0x00007ffc3b530000 - 0x00007ffc3b649000 	C:\WINDOWS\System32\gdi32full.dll
0x00007ffc3b740000 - 0x00007ffc3b7da000 	C:\WINDOWS\System32\msvcp_win.dll
0x00007ffc266f0000 - 0x00007ffc26983000 	C:\WINDOWS\WinSxS\amd64_microsoft.windows.common-controls_6595b64144ccf1df_6.0.22621.3672_none_2713b9d173822955\COMCTL32.dll
0x00007ffc3d370000 - 0x00007ffc3d417000 	C:\WINDOWS\System32\msvcrt.dll
0x00007ffc3c550000 - 0x00007ffc3c581000 	C:\WINDOWS\System32\IMM32.DLL
0x00007ffc30d10000 - 0x00007ffc30d1c000 	C:\Users\Zen1ks\AppData\Local\JetBrains\PyCharm 2024.1.4\jbr\bin\vcruntime140_1.dll
0x00007ffbf10d0000 - 0x00007ffbf115d000 	C:\Users\Zen1ks\AppData\Local\JetBrains\PyCharm 2024.1.4\jbr\bin\msvcp140.dll
0x00007ffbd9860000 - 0x00007ffbda4e3000 	C:\Users\Zen1ks\AppData\Local\JetBrains\PyCharm 2024.1.4\jbr\bin\server\jvm.dll
0x00007ffc3c590000 - 0x00007ffc3c642000 	C:\WINDOWS\System32\ADVAPI32.dll
0x00007ffc3cde0000 - 0x00007ffc3ce89000 	C:\WINDOWS\System32\sechost.dll
0x00007ffc3b7e0000 - 0x00007ffc3b808000 	C:\WINDOWS\System32\bcrypt.dll
0x00007ffc3df90000 - 0x00007ffc3e0a4000 	C:\WINDOWS\System32\RPCRT4.dll
0x00007ffc3b370000 - 0x00007ffc3b3bd000 	C:\WINDOWS\SYSTEM32\POWRPROF.dll
0x00007ffc37400000 - 0x00007ffc37434000 	C:\WINDOWS\SYSTEM32\WINMM.dll
0x00007ffc37890000 - 0x00007ffc3789a000 	C:\WINDOWS\SYSTEM32\VERSION.dll
0x00007ffc1f510000 - 0x00007ffc1f519000 	C:\WINDOWS\SYSTEM32\WSOCK32.dll
0x00007ffc3e0d0000 - 0x00007ffc3e141000 	C:\WINDOWS\System32\WS2_32.dll
0x00007ffc3b350000 - 0x00007ffc3b363000 	C:\WINDOWS\SYSTEM32\UMPDC.dll
0x00007ffc3a4e0000 - 0x00007ffc3a4f8000 	C:\WINDOWS\SYSTEM32\kernel.appcore.dll
0x00007ffc312f0000 - 0x00007ffc312fa000 	C:\Users\Zen1ks\AppData\Local\JetBrains\PyCharm 2024.1.4\jbr\bin\jimage.dll
0x00007ffc34720000 - 0x00007ffc34952000 	C:\WINDOWS\SYSTEM32\DBGHELP.DLL
0x00007ffc3bf10000 - 0x00007ffc3c29d000 	C:\WINDOWS\System32\combase.dll
0x00007ffc3dea0000 - 0x00007ffc3df77000 	C:\WINDOWS\System32\OLEAUT32.dll
0x00007ffc31e60000 - 0x00007ffc31e92000 	C:\WINDOWS\SYSTEM32\dbgcore.DLL
0x00007ffc3b4b0000 - 0x00007ffc3b52b000 	C:\WINDOWS\System32\bcryptPrimitives.dll
0x00007ffc30ce0000 - 0x00007ffc30d05000 	C:\Users\Zen1ks\AppData\Local\JetBrains\PyCharm 2024.1.4\jbr\bin\java.dll

dbghelp: loaded successfully - version: 4.0.5 - missing functions: none
symbol engine: initialized successfully - sym options: 0x614 - pdb path: .;C:\Users\Zen1ks\AppData\Local\JetBrains\PyCharm 2024.1.4\jbr\bin;C:\WINDOWS\SYSTEM32;C:\WINDOWS\WinSxS\amd64_microsoft.windows.common-controls_6595b64144ccf1df_6.0.22621.3672_none_2713b9d173822955;C:\Users\Zen1ks\AppData\Local\JetBrains\PyCharm 2024.1.4\jbr\bin\server

VM Arguments:
java_command: git4idea.http.GitAskPassApp Username for 'https://github.com': 
java_class_path (initial): C:/Users/Zen1ks/AppData/Local/JetBrains/PyCharm 2024.1.4/plugins/vcs-git/lib/git4idea-rt.jar;C:/Users/Zen1ks/AppData/Local/JetBrains/PyCharm 2024.1.4/lib/externalProcess-rt.jar
Launcher Type: SUN_STANDARD

[Global flags]
     intx CICompilerCount                          = 3                                         {product} {ergonomic}
     uint ConcGCThreads                            = 1                                         {product} {ergonomic}
     uint G1ConcRefinementThreads                  = 4                                         {product} {ergonomic}
   size_t G1HeapRegionSize                         = 1048576                                   {product} {ergonomic}
    uintx GCDrainStackTargetSize                   = 64                                        {product} {ergonomic}
   size_t InitialHeapSize                          = 100663296                                 {product} {ergonomic}
   size_t MarkStackSize                            = 4194304                                   {product} {ergonomic}
   size_t MaxHeapSize                              = 1589641216                                {product} {ergonomic}
   size_t MinHeapDeltaBytes                        = 1048576                                   {product} {ergonomic}
   size_t MinHeapSize                              = 8388608                                   {product} {ergonomic}
    uintx NonNMethodCodeHeapSize                   = 5832780                                {pd product} {ergonomic}
    uintx NonProfiledCodeHeapSize                  = 122912730                              {pd product} {ergonomic}
    uintx ProfiledCodeHeapSize                     = 122912730                              {pd product} {ergonomic}
    uintx ReservedCodeCacheSize                    = 251658240                              {pd product} {ergonomic}
     bool SegmentedCodeCache                       = true                                      {product} {ergonomic}
   size_t SoftMaxHeapSize                          = 1589641216                             {manageable} {ergonomic}
     bool UseCompressedClassPointers               = true                           {product lp64_product} {ergonomic}
     bool UseCompressedOops                        = true                           {product lp64_product} {ergonomic}
     bool UseG1GC                                  = true                                      {product} {ergonomic}
     bool UseLargePagesIndividualAllocation        = false                                  {pd product} {ergonomic}

Logging:
Log output configuration:
 #0: stdout all=warning uptime,level,tags
 #1: stderr all=off uptime,level,tags

Environment Variables:
PATH=C:\Program Files\Git\mingw64\libexec\git-core;C:\Program Files\Git\mingw64\libexec\git-core;C:\Program Files\Git\mingw64\bin;C:\Program Files\Git\usr\bin;C:\Users\Zen1ks\bin;C:\ProgramData\Oracle\Java\javapath;C:\WINDOWS\system32;C:\WINDOWS;C:\WINDOWS\System32\Wbem;C:\WINDOWS\System32\WindowsPowerShell\v1.0;C:\WINDOWS\System32\OpenSSH;C:\xampp\php;C:\Program Files\Git\cmd;C:\Users\Zen1ks\AppData\Local\Programs\Python\Python312\Scripts;C:\Users\Zen1ks\AppData\Local\Programs\Python\Python312;C:\Users\Zen1ks\AppData\Local\Microsoft\WindowsApps;C:\Users\Zen1ks\AppData\Local\Programs\Microsoft VS Code\bin;C:\Program Files\JetBrains\PhpStorm 2022.2.1\bin;C:\xampp\php;C:\Users\Zen1ks\AppData\Local\JetBrains\PyCharm 2024.1.4\bin;C:\Users\Zen1ks\AppData\Local\GitHubDesktop\bin
USERNAME=Zen1ks
DISPLAY=:0.0
LC_ALL=en_US.UTF-8
TERM=xterm-256color
TMPDIR=C:\Users\Zen1ks\AppData\Local\Temp
OS=Windows_NT
PROCESSOR_IDENTIFIER=AMD64 Family 23 Model 24 Stepping 1, AuthenticAMD
TMP=C:\Users\Zen1ks\AppData\Local\Temp
TEMP=C:\Users\Zen1ks\AppData\Local\Temp



Periodic native trim disabled

JNI global refs:
JNI global refs: 0, weak refs: 0

JNI global refs memory usage: 0, weak refs: 0

Process memory usage:
Resident Set Size: 11536K (0% of 6206260K total physical memory with 377608K free physical memory)

OOME stack traces (most recent first):
Classloader memory used:


---------------  S Y S T E M  ---------------

OS:
 Windows 11 , 64 bit Build 22621 (10.0.22621.3958)
OS uptime: 2 days 12:51 hours

CPU: total 4 (initial active 4) (4 cores per cpu, 2 threads per core) family 23 model 24 stepping 1 microcode 0x0, cx8, cmov, fxsr, ht, mmx, 3dnowpref, sse, sse2, sse3, ssse3, sse4a, sse4.1, sse4.2, popcnt, lzcnt, tsc, tscinvbit, avx, avx2, aes, clmul, bmi1, bmi2, adx, sha, fma, vzeroupper, clflush, clflushopt
Processor Information for all 4 processors :
  Max Mhz: 2400, Current Mhz: 2400, Mhz Limit: 2400

Memory: 4k page, system-wide physical 6060M (368M free)
TotalPageFile size 18850M (AvailPageFile size 76M)
current process WorkingSet (physical memory assigned to process): 11M, peak: 11M
current process commit charge ("private bytes"): 51M, peak: 147M

vm_info: OpenJDK 64-Bit Server VM (17.0.11+1-b1207.24) for windows-amd64 JRE (17.0.11+1-b1207.24), built on 2024-05-15 by "builduser" with MS VC++ 16.10 / 16.11 (VS2019)

END.
